SmartCar2/app/build/intermediates/manifest_merge_blame_file/debug/manifest-merger-blame-debug-report.txt
1<?xml version="1.0" encoding="utf-8"?>
2<manifest xmlns:android="http://schemas.android.com/apk/res/android"
3    package="com.example.smartcar"
4    android:versionCode="1"
5    android:versionName="1.0" >
6
7    <uses-sdk
8        android:minSdkVersion="15"
8-->src\main\AndroidManifest.xml
9        android:targetSdkVersion="29" />
9-->src\main\AndroidManifest.xml
10
11    <uses-permission android:name="android.permission.RECORD_AUDIO" />
11-->src\main\AndroidManifest.xml:5:5-71
11-->src\main\AndroidManifest.xml:5:22-68
12
13    <application
13-->src\main\AndroidManifest.xml:7:5-25:19
14        android:allowBackup="true"
14-->src\main\AndroidManifest.xml:8:9-35
15        android:appComponentFactory="androidx.core.app.CoreComponentFactory"
15-->[androidx.core:core:1.0.1] AndroidManifest.xml:22:18-86
16        android:debuggable="true"
17        android:icon="@mipmap/ic_launcher"
17-->src\main\AndroidManifest.xml:9:9-43
18        android:label="@string/app_name"
18-->src\main\AndroidManifest.xml:10:9-41
19        android:roundIcon="@mipmap/ic_launcher_round"
19-->src\main\AndroidManifest.xml:11:9-54
20        android:supportsRtl="true"
20-->src\main\AndroidManifest.xml:12:9-35
21        android:theme="@style/AppTheme" >
21-->src\main\AndroidManifest.xml:13:9-40
22        <activity android:name="com.example.smartcar.CallActivity" />
22-->src\main\AndroidManifest.xml:14:9-59
22-->src\main\AndroidManifest.xml:14:19-47
23        <activity android:name="com.example.smartcar.JozefActivity" />
23-->src\main\AndroidManifest.xml:15:9-51
23-->src\main\AndroidManifest.xml:15:19-48
24        <activity android:name="com.example.smartcar.RahimActivity" />
24-->src\main\AndroidManifest.xml:16:9-51
24-->src\main\AndroidManifest.xml:16:19-48
25        <activity android:name="com.example.smartcar.HenkeActivity" />
25-->src\main\AndroidManifest.xml:17:9-51
25-->src\main\AndroidManifest.xml:17:19-48
26        <activity android:name="com.example.smartcar.MainActivity" >
26-->src\main\AndroidManifest.xml:18:9-24:20
26-->src\main\AndroidManifest.xml:18:19-47
27            <intent-filter>
27-->src\main\AndroidManifest.xml:19:13-23:29
28                <action android:name="android.intent.action.MAIN" />
28-->src\main\AndroidManifest.xml:20:17-69
28-->src\main\AndroidManifest.xml:20:25-66
29
30                <category android:name="android.intent.category.LAUNCHER" />
30-->src\main\AndroidManifest.xml:22:17-77
30-->src\main\AndroidManifest.xml:22:27-74
31            </intent-filter>
32        </activity>
33    </application>
34
35</manifest>